[0.068s] DEBUG:colcon:Command line arguments: ['/usr/bin/colcon', 'build']
[0.068s] DEBUG:colcon:Parsed command line arguments: Namespace(log_base=None, log_level=None, verb_name='build', build_base='build', install_base='install', merge_install=False, symlink_install=False, test_result_base=None, continue_on_error=False, executor='parallel', parallel_workers=16, event_handlers=None, ignore_user_meta=False, metas=['./colcon.meta'], base_paths=['.'], packages_ignore=None, packages_ignore_regex=None, paths=None, packages_up_to=None, packages_up_to_regex=None, packages_above=None, packages_above_and_dependencies=None, packages_above_depth=None, packages_select_by_dep=None, packages_skip_by_dep=None, packages_skip_up_to=None, packages_select_build_failed=False, packages_skip_build_finished=False, packages_select_test_failures=False, packages_skip_test_passed=False, packages_select=None, packages_skip=None, packages_select_regex=None, packages_skip_regex=None, packages_start=None, packages_end=None, allow_overriding=[], cmake_args=None, cmake_target=None, cmake_target_skip_unavailable=False, cmake_clean_cache=False, cmake_clean_first=False, cmake_force_configure=False, ament_cmake_args=None, catkin_cmake_args=None, catkin_skip_building_tests=False, verb_parser=<colcon_defaults.argument_parser.defaults.DefaultArgumentsDecorator object at 0x70aceed65ab0>, verb_extension=<colcon_core.verb.build.BuildVerb object at 0x70aceed65120>, main=<bound method BuildVerb.main of <colcon_core.verb.build.BuildVerb object at 0x70aceed65120>>)
[0.160s] Level 1:colcon.colcon_core.package_discovery:discover_packages(colcon_meta) check parameters
[0.160s] Level 1:colcon.colcon_core.package_discovery:discover_packages(recursive) check parameters
[0.160s] Level 1:colcon.colcon_core.package_discovery:discover_packages(ignore) check parameters
[0.160s] Level 1:colcon.colcon_core.package_discovery:discover_packages(path) check parameters
[0.160s] Level 1:colcon.colcon_core.package_discovery:discover_packages(colcon_meta) discover
[0.160s] Level 1:colcon.colcon_core.package_discovery:discover_packages(recursive) discover
[0.160s] INFO:colcon.colcon_core.package_discovery:Crawling recursively for packages in '/home/wukong/THEFENCEBOT/src/vr_robot_sim'
[0.160s] Level 1:colcon.colcon_core.package_identification:_identify(.) by extensions ['ignore', 'ignore_ament_install']
[0.161s] Level 1:colcon.colcon_core.package_identification:_identify(.) by extension 'ignore'
[0.161s] Level 1:colcon.colcon_core.package_identification:_identify(.) by extension 'ignore_ament_install'
[0.161s] Level 1:colcon.colcon_core.package_identification:_identify(.) by extensions ['colcon_pkg']
[0.161s] Level 1:colcon.colcon_core.package_identification:_identify(.) by extension 'colcon_pkg'
[0.161s] Level 1:colcon.colcon_core.package_identification:_identify(.) by extensions ['colcon_meta']
[0.161s] Level 1:colcon.colcon_core.package_identification:_identify(.) by extension 'colcon_meta'
[0.161s] Level 1:colcon.colcon_core.package_identification:_identify(.) by extensions ['ros']
[0.161s] Level 1:colcon.colcon_core.package_identification:_identify(.) by extension 'ros'
[0.168s] DEBUG:colcon.colcon_core.package_identification:Package '.' with type 'ros.ament_cmake' and name 'vr_robot_sim'
[0.168s] Level 1:colcon.colcon_core.package_discovery:discover_packages(recursive) using defaults
[0.168s] Level 1:colcon.colcon_core.package_discovery:discover_packages(ignore) discover
[0.168s] Level 1:colcon.colcon_core.package_discovery:discover_packages(ignore) using defaults
[0.168s] Level 1:colcon.colcon_core.package_discovery:discover_packages(path) discover
[0.168s] Level 1:colcon.colcon_core.package_discovery:discover_packages(path) using defaults
[0.189s] Level 1:colcon.colcon_core.package_discovery:discover_packages(prefix_path) check parameters
[0.189s] Level 1:colcon.colcon_core.package_discovery:discover_packages(prefix_path) discover
[0.190s] DEBUG:colcon.colcon_installed_package_information.package_discovery:Found 1 installed packages in /home/wukong/ros2_ws/install
[0.191s] DEBUG:colcon.colcon_installed_package_information.package_discovery:Found 280 installed packages in /opt/ros/humble
[0.192s] Level 1:colcon.colcon_core.package_discovery:discover_packages(prefix_path) using defaults
[0.211s] Level 5:colcon.colcon_core.verb:set package 'vr_robot_sim' build argument 'cmake_args' from command line to 'None'
[0.211s] Level 5:colcon.colcon_core.verb:set package 'vr_robot_sim' build argument 'cmake_target' from command line to 'None'
[0.211s] Level 5:colcon.colcon_core.verb:set package 'vr_robot_sim' build argument 'cmake_target_skip_unavailable' from command line to 'False'
[0.211s] Level 5:colcon.colcon_core.verb:set package 'vr_robot_sim' build argument 'cmake_clean_cache' from command line to 'False'
[0.211s] Level 5:colcon.colcon_core.verb:set package 'vr_robot_sim' build argument 'cmake_clean_first' from command line to 'False'
[0.211s] Level 5:colcon.colcon_core.verb:set package 'vr_robot_sim' build argument 'cmake_force_configure' from command line to 'False'
[0.211s] Level 5:colcon.colcon_core.verb:set package 'vr_robot_sim' build argument 'ament_cmake_args' from command line to 'None'
[0.211s] Level 5:colcon.colcon_core.verb:set package 'vr_robot_sim' build argument 'catkin_cmake_args' from command line to 'None'
[0.211s] Level 5:colcon.colcon_core.verb:set package 'vr_robot_sim' build argument 'catkin_skip_building_tests' from command line to 'False'
[0.211s] DEBUG:colcon.colcon_core.verb:Building package 'vr_robot_sim' with the following arguments: {'ament_cmake_args': None, 'build_base': '/home/wukong/THEFENCEBOT/src/vr_robot_sim/build/vr_robot_sim', 'catkin_cmake_args': None, 'catkin_skip_building_tests': False, 'cmake_args': None, 'cmake_clean_cache': False, 'cmake_clean_first': False, 'cmake_force_configure': False, 'cmake_target': None, 'cmake_target_skip_unavailable': False, 'install_base': '/home/wukong/THEFENCEBOT/src/vr_robot_sim/install/vr_robot_sim', 'merge_install': False, 'path': '/home/wukong/THEFENCEBOT/src/vr_robot_sim', 'symlink_install': False, 'test_result_base': None}
[0.211s] INFO:colcon.colcon_core.executor:Executing jobs using 'parallel' executor
[0.212s] DEBUG:colcon.colcon_parallel_executor.executor.parallel:run_until_complete
[0.212s] INFO:colcon.colcon_ros.task.ament_cmake.build:Building ROS package in '/home/wukong/THEFENCEBOT/src/vr_robot_sim' with build type 'ament_cmake'
[0.213s] INFO:colcon.colcon_cmake.task.cmake.build:Building CMake package in '/home/wukong/THEFENCEBOT/src/vr_robot_sim'
[0.214s] INFO:colcon.colcon_core.plugin_system:Skipping extension 'colcon_core.shell.bat': Not used on non-Windows systems
[0.214s] INFO:colcon.colcon_core.shell:Skip shell extension 'powershell' for command environment: Not usable outside of PowerShell
[0.214s] DEBUG:colcon.colcon_core.shell:Skip shell extension 'dsv' for command environment
[0.222s] DEBUG:colcon.colcon_core.event_handler.log_command:Invoking command in '/home/wukong/THEFENCEBOT/src/vr_robot_sim/build/vr_robot_sim': CMAKE_PREFIX_PATH=/opt/ros/humble:${CMAKE_PREFIX_PATH} /usr/bin/cmake /home/wukong/THEFENCEBOT/src/vr_robot_sim -DCMAKE_INSTALL_PREFIX=/home/wukong/THEFENCEBOT/src/vr_robot_sim/install/vr_robot_sim
[0.541s] DEBUG:colcon.colcon_core.event_handler.log_command:Invoked command in '/home/wukong/THEFENCEBOT/src/vr_robot_sim/build/vr_robot_sim' returned '0': CMAKE_PREFIX_PATH=/opt/ros/humble:${CMAKE_PREFIX_PATH} /usr/bin/cmake /home/wukong/THEFENCEBOT/src/vr_robot_sim -DCMAKE_INSTALL_PREFIX=/home/wukong/THEFENCEBOT/src/vr_robot_sim/install/vr_robot_sim
[0.544s] DEBUG:colcon.colcon_core.event_handler.log_command:Invoking command in '/home/wukong/THEFENCEBOT/src/vr_robot_sim/build/vr_robot_sim': CMAKE_PREFIX_PATH=/opt/ros/humble:${CMAKE_PREFIX_PATH} /usr/bin/cmake --build /home/wukong/THEFENCEBOT/src/vr_robot_sim/build/vr_robot_sim -- -j16 -l16
[6.553s] DEBUG:colcon.colcon_core.event_handler.log_command:Invoked command in '/home/wukong/THEFENCEBOT/src/vr_robot_sim/build/vr_robot_sim' returned '0': CMAKE_PREFIX_PATH=/opt/ros/humble:${CMAKE_PREFIX_PATH} /usr/bin/cmake --build /home/wukong/THEFENCEBOT/src/vr_robot_sim/build/vr_robot_sim -- -j16 -l16
[6.562s] DEBUG:colcon.colcon_core.event_handler.log_command:Invoking command in '/home/wukong/THEFENCEBOT/src/vr_robot_sim/build/vr_robot_sim': CMAKE_PREFIX_PATH=/opt/ros/humble:${CMAKE_PREFIX_PATH} /usr/bin/cmake --install /home/wukong/THEFENCEBOT/src/vr_robot_sim/build/vr_robot_sim
[6.688s] Level 1:colcon.colcon_core.environment:create_environment_scripts_only(vr_robot_sim)
[6.689s] DEBUG:colcon.colcon_core.event_handler.log_command:Invoked command in '/home/wukong/THEFENCEBOT/src/vr_robot_sim/build/vr_robot_sim' returned '0': CMAKE_PREFIX_PATH=/opt/ros/humble:${CMAKE_PREFIX_PATH} /usr/bin/cmake --install /home/wukong/THEFENCEBOT/src/vr_robot_sim/build/vr_robot_sim
[6.690s] Level 1:colcon.colcon_core.environment:checking '/home/wukong/THEFENCEBOT/src/vr_robot_sim/install/vr_robot_sim' for CMake module files
[6.691s] Level 1:colcon.colcon_core.environment:checking '/home/wukong/THEFENCEBOT/src/vr_robot_sim/install/vr_robot_sim' for CMake config files
[6.691s] Level 1:colcon.colcon_core.shell:create_environment_hook('vr_robot_sim', 'cmake_prefix_path')
[6.691s] INFO:colcon.colcon_core.shell:Creating environment hook '/home/wukong/THEFENCEBOT/src/vr_robot_sim/install/vr_robot_sim/share/vr_robot_sim/hook/cmake_prefix_path.ps1'
[6.695s] INFO:colcon.colcon_core.shell:Creating environment descriptor '/home/wukong/THEFENCEBOT/src/vr_robot_sim/install/vr_robot_sim/share/vr_robot_sim/hook/cmake_prefix_path.dsv'
[6.695s] INFO:colcon.colcon_core.shell:Creating environment hook '/home/wukong/THEFENCEBOT/src/vr_robot_sim/install/vr_robot_sim/share/vr_robot_sim/hook/cmake_prefix_path.sh'
[6.696s] Level 1:colcon.colcon_core.environment:checking '/home/wukong/THEFENCEBOT/src/vr_robot_sim/install/vr_robot_sim/lib'
[6.696s] Level 1:colcon.colcon_core.environment:checking '/home/wukong/THEFENCEBOT/src/vr_robot_sim/install/vr_robot_sim/bin'
[6.696s] Level 1:colcon.colcon_core.environment:checking '/home/wukong/THEFENCEBOT/src/vr_robot_sim/install/vr_robot_sim/lib/pkgconfig/vr_robot_sim.pc'
[6.696s] Level 1:colcon.colcon_core.environment:checking '/home/wukong/THEFENCEBOT/src/vr_robot_sim/install/vr_robot_sim/lib/python3.10/site-packages'
[6.697s] Level 1:colcon.colcon_core.environment:checking '/home/wukong/THEFENCEBOT/src/vr_robot_sim/install/vr_robot_sim/bin'
[6.697s] INFO:colcon.colcon_core.shell:Creating package script '/home/wukong/THEFENCEBOT/src/vr_robot_sim/install/vr_robot_sim/share/vr_robot_sim/package.ps1'
[6.697s] INFO:colcon.colcon_core.shell:Creating package descriptor '/home/wukong/THEFENCEBOT/src/vr_robot_sim/install/vr_robot_sim/share/vr_robot_sim/package.dsv'
[6.698s] INFO:colcon.colcon_core.shell:Creating package script '/home/wukong/THEFENCEBOT/src/vr_robot_sim/install/vr_robot_sim/share/vr_robot_sim/package.sh'
[6.699s] INFO:colcon.colcon_core.shell:Creating package script '/home/wukong/THEFENCEBOT/src/vr_robot_sim/install/vr_robot_sim/share/vr_robot_sim/package.bash'
[6.699s] INFO:colcon.colcon_core.shell:Creating package script '/home/wukong/THEFENCEBOT/src/vr_robot_sim/install/vr_robot_sim/share/vr_robot_sim/package.zsh'
[6.700s] Level 1:colcon.colcon_core.environment:create_file_with_runtime_dependencies(/home/wukong/THEFENCEBOT/src/vr_robot_sim/install/vr_robot_sim/share/colcon-core/packages/vr_robot_sim)
[6.700s] Level 1:colcon.colcon_core.environment:create_environment_scripts_only(vr_robot_sim)
[6.700s] Level 1:colcon.colcon_core.environment:checking '/home/wukong/THEFENCEBOT/src/vr_robot_sim/install/vr_robot_sim' for CMake module files
[6.700s] Level 1:colcon.colcon_core.environment:checking '/home/wukong/THEFENCEBOT/src/vr_robot_sim/install/vr_robot_sim' for CMake config files
[6.700s] Level 1:colcon.colcon_core.shell:create_environment_hook('vr_robot_sim', 'cmake_prefix_path')
[6.700s] INFO:colcon.colcon_core.shell:Creating environment hook '/home/wukong/THEFENCEBOT/src/vr_robot_sim/install/vr_robot_sim/share/vr_robot_sim/hook/cmake_prefix_path.ps1'
[6.701s] INFO:colcon.colcon_core.shell:Creating environment descriptor '/home/wukong/THEFENCEBOT/src/vr_robot_sim/install/vr_robot_sim/share/vr_robot_sim/hook/cmake_prefix_path.dsv'
[6.701s] INFO:colcon.colcon_core.shell:Creating environment hook '/home/wukong/THEFENCEBOT/src/vr_robot_sim/install/vr_robot_sim/share/vr_robot_sim/hook/cmake_prefix_path.sh'
[6.701s] Level 1:colcon.colcon_core.environment:checking '/home/wukong/THEFENCEBOT/src/vr_robot_sim/install/vr_robot_sim/lib'
[6.701s] Level 1:colcon.colcon_core.environment:checking '/home/wukong/THEFENCEBOT/src/vr_robot_sim/install/vr_robot_sim/bin'
[6.701s] Level 1:colcon.colcon_core.environment:checking '/home/wukong/THEFENCEBOT/src/vr_robot_sim/install/vr_robot_sim/lib/pkgconfig/vr_robot_sim.pc'
[6.701s] Level 1:colcon.colcon_core.environment:checking '/home/wukong/THEFENCEBOT/src/vr_robot_sim/install/vr_robot_sim/lib/python3.10/site-packages'
[6.702s] Level 1:colcon.colcon_core.environment:checking '/home/wukong/THEFENCEBOT/src/vr_robot_sim/install/vr_robot_sim/bin'
[6.702s] INFO:colcon.colcon_core.shell:Creating package script '/home/wukong/THEFENCEBOT/src/vr_robot_sim/install/vr_robot_sim/share/vr_robot_sim/package.ps1'
[6.702s] INFO:colcon.colcon_core.shell:Creating package descriptor '/home/wukong/THEFENCEBOT/src/vr_robot_sim/install/vr_robot_sim/share/vr_robot_sim/package.dsv'
[6.702s] INFO:colcon.colcon_core.shell:Creating package script '/home/wukong/THEFENCEBOT/src/vr_robot_sim/install/vr_robot_sim/share/vr_robot_sim/package.sh'
[6.702s] INFO:colcon.colcon_core.shell:Creating package script '/home/wukong/THEFENCEBOT/src/vr_robot_sim/install/vr_robot_sim/share/vr_robot_sim/package.bash'
[6.703s] INFO:colcon.colcon_core.shell:Creating package script '/home/wukong/THEFENCEBOT/src/vr_robot_sim/install/vr_robot_sim/share/vr_robot_sim/package.zsh'
[6.703s] Level 1:colcon.colcon_core.environment:create_file_with_runtime_dependencies(/home/wukong/THEFENCEBOT/src/vr_robot_sim/install/vr_robot_sim/share/colcon-core/packages/vr_robot_sim)
[6.703s] DEBUG:colcon.colcon_parallel_executor.executor.parallel:closing loop
[6.703s] DEBUG:colcon.colcon_parallel_executor.executor.parallel:loop closed
[6.703s] DEBUG:colcon.colcon_parallel_executor.executor.parallel:run_until_complete finished with '0'
[6.703s] DEBUG:colcon.colcon_core.event_reactor:joining thread
[6.706s] INFO:colcon.colcon_core.plugin_system:Skipping extension 'colcon_notification.desktop_notification.terminal_notifier': Not used on non-Darwin systems
[6.706s] INFO:colcon.colcon_core.plugin_system:Skipping extension 'colcon_notification.desktop_notification.win32': Not used on non-Windows systems
[6.706s] INFO:colcon.colcon_notification.desktop_notification:Sending desktop notification using 'notify2'
[6.716s] DEBUG:colcon.colcon_core.event_reactor:joined thread
[6.717s] INFO:colcon.colcon_core.shell:Creating prefix script '/home/wukong/THEFENCEBOT/src/vr_robot_sim/install/local_setup.ps1'
[6.718s] INFO:colcon.colcon_core.shell:Creating prefix util module '/home/wukong/THEFENCEBOT/src/vr_robot_sim/install/_local_setup_util_ps1.py'
[6.718s] INFO:colcon.colcon_core.shell:Creating prefix chain script '/home/wukong/THEFENCEBOT/src/vr_robot_sim/install/setup.ps1'
[6.719s] INFO:colcon.colcon_core.shell:Creating prefix script '/home/wukong/THEFENCEBOT/src/vr_robot_sim/install/local_setup.sh'
[6.719s] INFO:colcon.colcon_core.shell:Creating prefix util module '/home/wukong/THEFENCEBOT/src/vr_robot_sim/install/_local_setup_util_sh.py'
[6.720s] INFO:colcon.colcon_core.shell:Creating prefix chain script '/home/wukong/THEFENCEBOT/src/vr_robot_sim/install/setup.sh'
[6.720s] INFO:colcon.colcon_core.shell:Creating prefix script '/home/wukong/THEFENCEBOT/src/vr_robot_sim/install/local_setup.bash'
[6.720s] INFO:colcon.colcon_core.shell:Creating prefix chain script '/home/wukong/THEFENCEBOT/src/vr_robot_sim/install/setup.bash'
[6.721s] INFO:colcon.colcon_core.shell:Creating prefix script '/home/wukong/THEFENCEBOT/src/vr_robot_sim/install/local_setup.zsh'
[6.721s] INFO:colcon.colcon_core.shell:Creating prefix chain script '/home/wukong/THEFENCEBOT/src/vr_robot_sim/install/setup.zsh'
