-- Found ament_cmake: 1.3.13 (/opt/ros/humble/share/ament_cmake/cmake)
-- Override CMake install command with custom implementation using symlinks instead of copying resources
-- Found rclcpp: 16.0.18 (/opt/ros/humble/share/rclcpp/cmake)
-- Found rosidl_generator_c: 3.1.8 (/opt/ros/humble/share/rosidl_generator_c/cmake)
-- Found rosidl_adapter: 3.1.8 (/opt/ros/humble/share/rosidl_adapter/cmake)
-- Found rosidl_generator_cpp: 3.1.8 (/opt/ros/humble/share/rosidl_generator_cpp/cmake)
-- Using all available rosidl_typesupport_c: rosidl_typesupport_fastrtps_c;rosidl_typesupport_introspection_c
-- Using all available rosidl_typesupport_cpp: rosidl_typesupport_fastrtps_cpp;rosidl_typesupport_introspection_cpp
-- Found rmw_implementation_cmake: 6.1.2 (/opt/ros/humble/share/rmw_implementation_cmake/cmake)
-- Found rmw_fastrtps_cpp: 6.2.10 (/opt/ros/humble/share/rmw_fastrtps_cpp/cmake)
-- Using RMW implementation 'rmw_fastrtps_cpp' as default
-- Found geometry_msgs: 4.9.1 (/opt/ros/humble/share/geometry_msgs/cmake)
-- Found sensor_msgs: 4.9.1 (/opt/ros/humble/share/sensor_msgs/cmake)
-- Configuring done
-- Generating done
-- Build files have been written to: /home/wukong/THEFENCEBOT/src/vr_robot_sim/build/vr_robot_sim
[ 25%] [32mBuilding CXX object CMakeFiles/vr_udp_publisher.dir/src/udp_publisher.cpp.o[0m
[ 50%] [32mBuilding CXX object CMakeFiles/robot_controller.dir/src/robot_controller.cpp.o[0m
[ 75%] [32m[1mLinking CXX executable vr_udp_publisher[0m
[ 75%] Built target vr_udp_publisher
[100%] [32m[1mLinking CXX executable robot_controller[0m
[100%] Built target robot_controller
-- Install configuration: ""
-- Execute custom install script
-- Symlinking: /home/wukong/THEFENCEBOT/src/vr_robot_sim/install/vr_robot_sim/lib/vr_robot_sim/vr_udp_publisher
-- Symlinking: /home/wukong/THEFENCEBOT/src/vr_robot_sim/install/vr_robot_sim/lib/vr_robot_sim/robot_controller
-- Symlinking: /home/wukong/THEFENCEBOT/src/vr_robot_sim/install/vr_robot_sim/share/ament_index/resource_index/package_run_dependencies/vr_robot_sim
-- Symlinking: /home/wukong/THEFENCEBOT/src/vr_robot_sim/install/vr_robot_sim/share/ament_index/resource_index/parent_prefix_path/vr_robot_sim
-- Symlinking: /home/wukong/THEFENCEBOT/src/vr_robot_sim/install/vr_robot_sim/share/vr_robot_sim/environment/ament_prefix_path.sh
-- Symlinking: /home/wukong/THEFENCEBOT/src/vr_robot_sim/install/vr_robot_sim/share/vr_robot_sim/environment/ament_prefix_path.dsv
-- Symlinking: /home/wukong/THEFENCEBOT/src/vr_robot_sim/install/vr_robot_sim/share/vr_robot_sim/environment/path.sh
-- Symlinking: /home/wukong/THEFENCEBOT/src/vr_robot_sim/install/vr_robot_sim/share/vr_robot_sim/environment/path.dsv
-- Symlinking: /home/wukong/THEFENCEBOT/src/vr_robot_sim/install/vr_robot_sim/share/vr_robot_sim/local_setup.bash
-- Symlinking: /home/wukong/THEFENCEBOT/src/vr_robot_sim/install/vr_robot_sim/share/vr_robot_sim/local_setup.sh
-- Symlinking: /home/wukong/THEFENCEBOT/src/vr_robot_sim/install/vr_robot_sim/share/vr_robot_sim/local_setup.zsh
-- Symlinking: /home/wukong/THEFENCEBOT/src/vr_robot_sim/install/vr_robot_sim/share/vr_robot_sim/local_setup.dsv
-- Symlinking: /home/wukong/THEFENCEBOT/src/vr_robot_sim/install/vr_robot_sim/share/vr_robot_sim/package.dsv
-- Symlinking: /home/wukong/THEFENCEBOT/src/vr_robot_sim/install/vr_robot_sim/share/ament_index/resource_index/packages/vr_robot_sim
-- Symlinking: /home/wukong/THEFENCEBOT/src/vr_robot_sim/install/vr_robot_sim/share/vr_robot_sim/cmake/vr_robot_simConfig.cmake
-- Symlinking: /home/wukong/THEFENCEBOT/src/vr_robot_sim/install/vr_robot_sim/share/vr_robot_sim/cmake/vr_robot_simConfig-version.cmake
-- Symlinking: /home/wukong/THEFENCEBOT/src/vr_robot_sim/install/vr_robot_sim/share/vr_robot_sim/package.xml
