[0.009s] Invoking command in '/home/wukong/THEFENCEBOT/src/vr_robot_sim/build/vr_robot_sim': CMAKE_PREFIX_PATH=/opt/ros/humble:${CMAKE_PREFIX_PATH} /usr/bin/cmake /home/wukong/THEFENCEBOT/src/vr_robot_sim -DCMAKE_INSTALL_PREFIX=/home/wukong/THEFENCEBOT/src/vr_robot_sim/install/vr_robot_sim
[0.022s] -- Found ament_cmake: 1.3.13 (/opt/ros/humble/share/ament_cmake/cmake)
[0.101s] -- Override CMake install command with custom implementation using symlinks instead of copying resources
[0.105s] -- Found rclcpp: 16.0.18 (/opt/ros/humble/share/rclcpp/cmake)
[0.123s] -- Found rosidl_generator_c: 3.1.8 (/opt/ros/humble/share/rosidl_generator_c/cmake)
[0.124s] -- Found rosidl_adapter: 3.1.8 (/opt/ros/humble/share/rosidl_adapter/cmake)
[0.128s] -- Found rosidl_generator_cpp: 3.1.8 (/opt/ros/humble/share/rosidl_generator_cpp/cmake)
[0.133s] -- Using all available rosidl_typesupport_c: rosidl_typesupport_fastrtps_c;rosidl_typesupport_introspection_c
[0.140s] -- Using all available rosidl_typesupport_cpp: rosidl_typesupport_fastrtps_cpp;rosidl_typesupport_introspection_cpp
[0.158s] -- Found rmw_implementation_cmake: 6.1.2 (/opt/ros/humble/share/rmw_implementation_cmake/cmake)
[0.158s] -- Found rmw_fastrtps_cpp: 6.2.10 (/opt/ros/humble/share/rmw_fastrtps_cpp/cmake)
[0.225s] -- Using RMW implementation 'rmw_fastrtps_cpp' as default
[0.253s] -- Found geometry_msgs: 4.9.1 (/opt/ros/humble/share/geometry_msgs/cmake)
[0.259s] -- Found sensor_msgs: 4.9.1 (/opt/ros/humble/share/sensor_msgs/cmake)
[0.309s] -- Configuring done
[0.317s] -- Generating done
[0.320s] -- Build files have been written to: /home/wukong/THEFENCEBOT/src/vr_robot_sim/build/vr_robot_sim
[0.328s] Invoked command in '/home/wukong/THEFENCEBOT/src/vr_robot_sim/build/vr_robot_sim' returned '0': CMAKE_PREFIX_PATH=/opt/ros/humble:${CMAKE_PREFIX_PATH} /usr/bin/cmake /home/wukong/THEFENCEBOT/src/vr_robot_sim -DCMAKE_INSTALL_PREFIX=/home/wukong/THEFENCEBOT/src/vr_robot_sim/install/vr_robot_sim
[0.331s] Invoking command in '/home/wukong/THEFENCEBOT/src/vr_robot_sim/build/vr_robot_sim': CMAKE_PREFIX_PATH=/opt/ros/humble:${CMAKE_PREFIX_PATH} /usr/bin/cmake --build /home/wukong/THEFENCEBOT/src/vr_robot_sim/build/vr_robot_sim -- -j16 -l16
[0.378s] [ 25%] [32mBuilding CXX object CMakeFiles/vr_udp_publisher.dir/src/udp_publisher.cpp.o[0m
[0.379s] [ 50%] [32mBuilding CXX object CMakeFiles/robot_controller.dir/src/robot_controller.cpp.o[0m
[3.833s] [ 75%] [32m[1mLinking CXX executable vr_udp_publisher[0m
[3.983s] [ 75%] Built target vr_udp_publisher
[6.106s] [100%] [32m[1mLinking CXX executable robot_controller[0m
[6.332s] [100%] Built target robot_controller
[6.341s] Invoked command in '/home/wukong/THEFENCEBOT/src/vr_robot_sim/build/vr_robot_sim' returned '0': CMAKE_PREFIX_PATH=/opt/ros/humble:${CMAKE_PREFIX_PATH} /usr/bin/cmake --build /home/wukong/THEFENCEBOT/src/vr_robot_sim/build/vr_robot_sim -- -j16 -l16
[6.349s] Invoking command in '/home/wukong/THEFENCEBOT/src/vr_robot_sim/build/vr_robot_sim': CMAKE_PREFIX_PATH=/opt/ros/humble:${CMAKE_PREFIX_PATH} /usr/bin/cmake --install /home/wukong/THEFENCEBOT/src/vr_robot_sim/build/vr_robot_sim
[6.355s] -- Install configuration: ""
[6.356s] -- Execute custom install script
[6.356s] -- Symlinking: /home/wukong/THEFENCEBOT/src/vr_robot_sim/install/vr_robot_sim/lib/vr_robot_sim/vr_udp_publisher
[6.364s] -- Symlinking: /home/wukong/THEFENCEBOT/src/vr_robot_sim/install/vr_robot_sim/lib/vr_robot_sim/robot_controller
[6.371s] -- Symlinking: /home/wukong/THEFENCEBOT/src/vr_robot_sim/install/vr_robot_sim/share/ament_index/resource_index/package_run_dependencies/vr_robot_sim
[6.378s] -- Symlinking: /home/wukong/THEFENCEBOT/src/vr_robot_sim/install/vr_robot_sim/share/ament_index/resource_index/parent_prefix_path/vr_robot_sim
[6.385s] -- Symlinking: /home/wukong/THEFENCEBOT/src/vr_robot_sim/install/vr_robot_sim/share/vr_robot_sim/environment/ament_prefix_path.sh
[6.392s] -- Symlinking: /home/wukong/THEFENCEBOT/src/vr_robot_sim/install/vr_robot_sim/share/vr_robot_sim/environment/ament_prefix_path.dsv
[6.398s] -- Symlinking: /home/wukong/THEFENCEBOT/src/vr_robot_sim/install/vr_robot_sim/share/vr_robot_sim/environment/path.sh
[6.406s] -- Symlinking: /home/wukong/THEFENCEBOT/src/vr_robot_sim/install/vr_robot_sim/share/vr_robot_sim/environment/path.dsv
[6.412s] -- Symlinking: /home/wukong/THEFENCEBOT/src/vr_robot_sim/install/vr_robot_sim/share/vr_robot_sim/local_setup.bash
[6.420s] -- Symlinking: /home/wukong/THEFENCEBOT/src/vr_robot_sim/install/vr_robot_sim/share/vr_robot_sim/local_setup.sh
[6.427s] -- Symlinking: /home/wukong/THEFENCEBOT/src/vr_robot_sim/install/vr_robot_sim/share/vr_robot_sim/local_setup.zsh
[6.433s] -- Symlinking: /home/wukong/THEFENCEBOT/src/vr_robot_sim/install/vr_robot_sim/share/vr_robot_sim/local_setup.dsv
[6.441s] -- Symlinking: /home/wukong/THEFENCEBOT/src/vr_robot_sim/install/vr_robot_sim/share/vr_robot_sim/package.dsv
[6.447s] -- Symlinking: /home/wukong/THEFENCEBOT/src/vr_robot_sim/install/vr_robot_sim/share/ament_index/resource_index/packages/vr_robot_sim
[6.453s] -- Symlinking: /home/wukong/THEFENCEBOT/src/vr_robot_sim/install/vr_robot_sim/share/vr_robot_sim/cmake/vr_robot_simConfig.cmake
[6.460s] -- Symlinking: /home/wukong/THEFENCEBOT/src/vr_robot_sim/install/vr_robot_sim/share/vr_robot_sim/cmake/vr_robot_simConfig-version.cmake
[6.468s] -- Symlinking: /home/wukong/THEFENCEBOT/src/vr_robot_sim/install/vr_robot_sim/share/vr_robot_sim/package.xml
[6.476s] Invoked command in '/home/wukong/THEFENCEBOT/src/vr_robot_sim/build/vr_robot_sim' returned '0': CMAKE_PREFIX_PATH=/opt/ros/humble:${CMAKE_PREFIX_PATH} /usr/bin/cmake --install /home/wukong/THEFENCEBOT/src/vr_robot_sim/build/vr_robot_sim
