[0.009s] Invoking command in '/home/wukong/THEFENCEBOT/build/vr_robot_sim': CMAKE_PREFIX_PATH=/home/wukong/THEFENCEBOT/install/vr_robot_sim:/home/wukong/THEFENCEBOT/src/vr_robot_sim/install/vr_robot_sim:/opt/ros/humble:/home/wukong/ros2_ws/install/ASEM_v2 /usr/bin/cmake /home/wukong/THEFENCEBOT/src/vr_robot_sim -DCMAKE_INSTALL_PREFIX=/home/wukong/THEFENCEBOT/install/vr_robot_sim
[0.055s] -- The C compiler identification is GNU 11.4.0
[0.098s] -- The CXX compiler identification is GNU 11.4.0
[0.103s] -- Detecting C compiler ABI info
[0.164s] -- Detecting C compiler ABI info - done
[0.168s] -- Check for working C compiler: /usr/bin/cc - skipped
[0.168s] -- Detecting C compile features
[0.168s] -- Detecting C compile features - done
[0.170s] -- Detecting CXX compiler ABI info
[0.238s] -- Detecting CXX compiler ABI info - done
[0.243s] -- Check for working CXX compiler: /usr/bin/c++ - skipped
[0.243s] -- Detecting CXX compile features
[0.243s] -- Detecting CXX compile features - done
[0.245s] -- Found ament_cmake: 1.3.14 (/opt/ros/humble/share/ament_cmake/cmake)
[0.364s] -- Found Python3: /usr/bin/python3 (found version "3.10.12") found components: Interpreter 
[0.423s] -- Found rclcpp: 16.0.19 (/opt/ros/humble/share/rclcpp/cmake)
[0.451s] -- Found rosidl_generator_c: 3.1.8 (/opt/ros/humble/share/rosidl_generator_c/cmake)
[0.454s] -- Found rosidl_adapter: 3.1.8 (/opt/ros/humble/share/rosidl_adapter/cmake)
[0.460s] -- Found rosidl_generator_cpp: 3.1.8 (/opt/ros/humble/share/rosidl_generator_cpp/cmake)
[0.468s] -- Using all available rosidl_typesupport_c: rosidl_typesupport_fastrtps_c;rosidl_typesupport_introspection_c
[0.477s] -- Using all available rosidl_typesupport_cpp: rosidl_typesupport_fastrtps_cpp;rosidl_typesupport_introspection_cpp
[0.503s] -- Found rmw_implementation_cmake: 6.1.2 (/opt/ros/humble/share/rmw_implementation_cmake/cmake)
[0.505s] -- Found rmw_fastrtps_cpp: 6.2.10 (/opt/ros/humble/share/rmw_fastrtps_cpp/cmake)
[0.578s] -- Found OpenSSL: /usr/lib/x86_64-linux-gnu/libcrypto.so (found version "3.0.2")  
[0.599s] -- Found FastRTPS: /opt/ros/humble/include  
[0.631s] -- Using RMW implementation 'rmw_fastrtps_cpp' as default
[0.636s] -- Looking for pthread.h
[0.700s] -- Looking for pthread.h - found
[0.700s] -- Performing Test CMAKE_HAVE_LIBC_PTHREAD
[0.765s] -- Performing Test CMAKE_HAVE_LIBC_PTHREAD - Success
[0.765s] -- Found Threads: TRUE  
[0.797s] -- Found geometry_msgs: 4.9.1 (/opt/ros/humble/share/geometry_msgs/cmake)
[0.805s] -- Found sensor_msgs: 4.9.1 (/opt/ros/humble/share/sensor_msgs/cmake)
[0.857s] -- Configuring done
[0.865s] -- Generating done
[0.868s] -- Build files have been written to: /home/wukong/THEFENCEBOT/build/vr_robot_sim
[0.878s] Invoked command in '/home/wukong/THEFENCEBOT/build/vr_robot_sim' returned '0': CMAKE_PREFIX_PATH=/home/wukong/THEFENCEBOT/install/vr_robot_sim:/home/wukong/THEFENCEBOT/src/vr_robot_sim/install/vr_robot_sim:/opt/ros/humble:/home/wukong/ros2_ws/install/ASEM_v2 /usr/bin/cmake /home/wukong/THEFENCEBOT/src/vr_robot_sim -DCMAKE_INSTALL_PREFIX=/home/wukong/THEFENCEBOT/install/vr_robot_sim
[0.880s] Invoking command in '/home/wukong/THEFENCEBOT/build/vr_robot_sim': CMAKE_PREFIX_PATH=/home/wukong/THEFENCEBOT/install/vr_robot_sim:/home/wukong/THEFENCEBOT/src/vr_robot_sim/install/vr_robot_sim:/opt/ros/humble:/home/wukong/ros2_ws/install/ASEM_v2 /usr/bin/cmake --build /home/wukong/THEFENCEBOT/build/vr_robot_sim -- -j16 -l16
[0.922s] [ 25%] [32mBuilding CXX object CMakeFiles/robot_controller.dir/src/robot_controller.cpp.o[0m
[0.922s] [ 50%] [32mBuilding CXX object CMakeFiles/vr_udp_publisher.dir/src/vr_udp_publisher.cpp.o[0m
[3.627s] [ 75%] [32m[1mLinking CXX executable vr_udp_publisher[0m
[3.757s] [ 75%] Built target vr_udp_publisher
[6.101s] [100%] [32m[1mLinking CXX executable robot_controller[0m
[6.350s] [100%] Built target robot_controller
[6.359s] Invoked command in '/home/wukong/THEFENCEBOT/build/vr_robot_sim' returned '0': CMAKE_PREFIX_PATH=/home/wukong/THEFENCEBOT/install/vr_robot_sim:/home/wukong/THEFENCEBOT/src/vr_robot_sim/install/vr_robot_sim:/opt/ros/humble:/home/wukong/ros2_ws/install/ASEM_v2 /usr/bin/cmake --build /home/wukong/THEFENCEBOT/build/vr_robot_sim -- -j16 -l16
[6.367s] Invoking command in '/home/wukong/THEFENCEBOT/build/vr_robot_sim': CMAKE_PREFIX_PATH=/home/wukong/THEFENCEBOT/install/vr_robot_sim:/home/wukong/THEFENCEBOT/src/vr_robot_sim/install/vr_robot_sim:/opt/ros/humble:/home/wukong/ros2_ws/install/ASEM_v2 /usr/bin/cmake --install /home/wukong/THEFENCEBOT/build/vr_robot_sim
[6.372s] -- Install configuration: ""
[6.372s] -- Installing: /home/wukong/THEFENCEBOT/install/vr_robot_sim/lib/vr_robot_sim/vr_udp_publisher
[6.374s] -- Set runtime path of "/home/wukong/THEFENCEBOT/install/vr_robot_sim/lib/vr_robot_sim/vr_udp_publisher" to ""
[6.374s] -- Installing: /home/wukong/THEFENCEBOT/install/vr_robot_sim/lib/vr_robot_sim/robot_controller
[6.377s] -- Set runtime path of "/home/wukong/THEFENCEBOT/install/vr_robot_sim/lib/vr_robot_sim/robot_controller" to ""
[6.377s] -- Installing: /home/wukong/THEFENCEBOT/install/vr_robot_sim/share/ament_index/resource_index/package_run_dependencies/vr_robot_sim
[6.377s] -- Installing: /home/wukong/THEFENCEBOT/install/vr_robot_sim/share/ament_index/resource_index/parent_prefix_path/vr_robot_sim
[6.377s] -- Installing: /home/wukong/THEFENCEBOT/install/vr_robot_sim/share/vr_robot_sim/environment/ament_prefix_path.sh
[6.377s] -- Installing: /home/wukong/THEFENCEBOT/install/vr_robot_sim/share/vr_robot_sim/environment/ament_prefix_path.dsv
[6.377s] -- Installing: /home/wukong/THEFENCEBOT/install/vr_robot_sim/share/vr_robot_sim/environment/path.sh
[6.377s] -- Installing: /home/wukong/THEFENCEBOT/install/vr_robot_sim/share/vr_robot_sim/environment/path.dsv
[6.377s] -- Installing: /home/wukong/THEFENCEBOT/install/vr_robot_sim/share/vr_robot_sim/local_setup.bash
[6.377s] -- Installing: /home/wukong/THEFENCEBOT/install/vr_robot_sim/share/vr_robot_sim/local_setup.sh
[6.378s] -- Installing: /home/wukong/THEFENCEBOT/install/vr_robot_sim/share/vr_robot_sim/local_setup.zsh
[6.378s] -- Installing: /home/wukong/THEFENCEBOT/install/vr_robot_sim/share/vr_robot_sim/local_setup.dsv
[6.378s] -- Installing: /home/wukong/THEFENCEBOT/install/vr_robot_sim/share/vr_robot_sim/package.dsv
[6.378s] -- Installing: /home/wukong/THEFENCEBOT/install/vr_robot_sim/share/ament_index/resource_index/packages/vr_robot_sim
[6.378s] -- Installing: /home/wukong/THEFENCEBOT/install/vr_robot_sim/share/vr_robot_sim/cmake/vr_robot_simConfig.cmake
[6.378s] -- Installing: /home/wukong/THEFENCEBOT/install/vr_robot_sim/share/vr_robot_sim/cmake/vr_robot_simConfig-version.cmake
[6.378s] -- Installing: /home/wukong/THEFENCEBOT/install/vr_robot_sim/share/vr_robot_sim/package.xml
[6.380s] Invoked command in '/home/wukong/THEFENCEBOT/build/vr_robot_sim' returned '0': CMAKE_PREFIX_PATH=/home/wukong/THEFENCEBOT/install/vr_robot_sim:/home/wukong/THEFENCEBOT/src/vr_robot_sim/install/vr_robot_sim:/opt/ros/humble:/home/wukong/ros2_ws/install/ASEM_v2 /usr/bin/cmake --install /home/wukong/THEFENCEBOT/build/vr_robot_sim
