[0.008s] Invoking command in '/home/wukong/THEFENCEBOT/build/vr_robot_sim': CMAKE_PREFIX_PATH=/home/wukong/THEFENCEBOT/install/vr_robot_sim:/home/wukong/THEFENCEBOT/src/vr_robot_sim/install/vr_robot_sim:/opt/ros/humble:/home/wukong/ros2_ws/install/ASEM_v2 /usr/bin/cmake --build /home/wukong/THEFENCEBOT/build/vr_robot_sim -- -j16 -l16
[0.041s] [35m[1mConsolidate compiler generated dependencies of target vr_udp_publisher[0m
[0.041s] [35m[1mConsolidate compiler generated dependencies of target robot_controller[0m
[0.056s] [ 50%] Built target robot_controller
[0.056s] [100%] Built target vr_udp_publisher
[0.066s] Invoked command in '/home/wukong/THEFENCEBOT/build/vr_robot_sim' returned '0': CMAKE_PREFIX_PATH=/home/wukong/THEFENCEBOT/install/vr_robot_sim:/home/wukong/THEFENCEBOT/src/vr_robot_sim/install/vr_robot_sim:/opt/ros/humble:/home/wukong/ros2_ws/install/ASEM_v2 /usr/bin/cmake --build /home/wukong/THEFENCEBOT/build/vr_robot_sim -- -j16 -l16
[0.074s] Invoking command in '/home/wukong/THEFENCEBOT/build/vr_robot_sim': CMAKE_PREFIX_PATH=/home/wukong/THEFENCEBOT/install/vr_robot_sim:/home/wukong/THEFENCEBOT/src/vr_robot_sim/install/vr_robot_sim:/opt/ros/humble:/home/wukong/ros2_ws/install/ASEM_v2 /usr/bin/cmake --install /home/wukong/THEFENCEBOT/build/vr_robot_sim
[0.079s] -- Install configuration: ""
[0.079s] -- Up-to-date: /home/wukong/THEFENCEBOT/install/vr_robot_sim/lib/vr_robot_sim/vr_udp_publisher
[0.080s] -- Up-to-date: /home/wukong/THEFENCEBOT/install/vr_robot_sim/lib/vr_robot_sim/robot_controller
[0.080s] -- Up-to-date: /home/wukong/THEFENCEBOT/install/vr_robot_sim/share/ament_index/resource_index/package_run_dependencies/vr_robot_sim
[0.080s] -- Up-to-date: /home/wukong/THEFENCEBOT/install/vr_robot_sim/share/ament_index/resource_index/parent_prefix_path/vr_robot_sim
[0.080s] -- Up-to-date: /home/wukong/THEFENCEBOT/install/vr_robot_sim/share/vr_robot_sim/environment/ament_prefix_path.sh
[0.080s] -- Up-to-date: /home/wukong/THEFENCEBOT/install/vr_robot_sim/share/vr_robot_sim/environment/ament_prefix_path.dsv
[0.080s] -- Up-to-date: /home/wukong/THEFENCEBOT/install/vr_robot_sim/share/vr_robot_sim/environment/path.sh
[0.080s] -- Up-to-date: /home/wukong/THEFENCEBOT/install/vr_robot_sim/share/vr_robot_sim/environment/path.dsv
[0.080s] -- Up-to-date: /home/wukong/THEFENCEBOT/install/vr_robot_sim/share/vr_robot_sim/local_setup.bash
[0.080s] -- Up-to-date: /home/wukong/THEFENCEBOT/install/vr_robot_sim/share/vr_robot_sim/local_setup.sh
[0.080s] -- Up-to-date: /home/wukong/THEFENCEBOT/install/vr_robot_sim/share/vr_robot_sim/local_setup.zsh
[0.081s] -- Up-to-date: /home/wukong/THEFENCEBOT/install/vr_robot_sim/share/vr_robot_sim/local_setup.dsv
[0.081s] -- Installing: /home/wukong/THEFENCEBOT/install/vr_robot_sim/share/vr_robot_sim/package.dsv
[0.081s] -- Up-to-date: /home/wukong/THEFENCEBOT/install/vr_robot_sim/share/ament_index/resource_index/packages/vr_robot_sim
[0.081s] -- Up-to-date: /home/wukong/THEFENCEBOT/install/vr_robot_sim/share/vr_robot_sim/cmake/vr_robot_simConfig.cmake
[0.081s] -- Up-to-date: /home/wukong/THEFENCEBOT/install/vr_robot_sim/share/vr_robot_sim/cmake/vr_robot_simConfig-version.cmake
[0.081s] -- Up-to-date: /home/wukong/THEFENCEBOT/install/vr_robot_sim/share/vr_robot_sim/package.xml
[0.082s] Invoked command in '/home/wukong/THEFENCEBOT/build/vr_robot_sim' returned '0': CMAKE_PREFIX_PATH=/home/wukong/THEFENCEBOT/install/vr_robot_sim:/home/wukong/THEFENCEBOT/src/vr_robot_sim/install/vr_robot_sim:/opt/ros/humble:/home/wukong/ros2_ws/install/ASEM_v2 /usr/bin/cmake --install /home/wukong/THEFENCEBOT/build/vr_robot_sim
